[2024-08-21 23:38:45.145] [info]  No state version found, assuming empty state.
[2024-08-21 23:38:45.942] [info]  State version: 65
[2024-08-21 23:39:11.775] [info]  Error: No password found
[2024-08-21 23:39:12.087] [info]  Finished search indexing
[2024-08-21 23:39:12.661] [info]  Finished search indexing
[2024-08-21 23:52:39.129] [info]  State version: 65
[2024-08-21 23:52:39.132] [info]  Migrator MinVersionMigrator (to version 3) should migrate: false - up
[2024-08-21 23:52:39.133] [info]  Migrator RemoveEverBeenUnlockedMigrator (to version 4) should migrate: false - up
[2024-08-21 23:52:39.133] [info]  Migrator AddKeyTypeToOrgKeysMigrator (to version 5) should migrate: false - up
[2024-08-21 23:52:39.133] [info]  Migrator RemoveLegacyEtmKeyMigrator (to version 6) should migrate: false - up
[2024-08-21 23:52:39.133] [info]  Migrator MoveBiometricAutoPromptToAccount (to version 7) should migrate: false - up
[2024-08-21 23:52:39.134] [info]  Migrator MoveStateVersionMigrator (to version 8) should migrate: false - up
[2024-08-21 23:52:39.134] [info]  Migrator MoveBrowserSettingsToGlobal (to version 9) should migrate: false - up
[2024-08-21 23:52:39.134] [info]  Migrator EverHadUserKeyMigrator (to version 10) should migrate: false - up
[2024-08-21 23:52:39.134] [info]  Migrator OrganizationKeyMigrator (to version 11) should migrate: false - up
[2024-08-21 23:52:39.134] [info]  Migrator MoveEnvironmentStateToProviders (to version 12) should migrate: false - up
[2024-08-21 23:52:39.134] [info]  Migrator ProviderKeyMigrator (to version 13) should migrate: false - up
[2024-08-21 23:52:39.135] [info]  Migrator MoveBiometricClientKeyHalfToStateProviders (to version 14) should migrate: false - up
[2024-08-21 23:52:39.135] [info]  Migrator FolderMigrator (to version 15) should migrate: false - up
[2024-08-21 23:52:39.135] [info]  Migrator LastSyncMigrator (to version 16) should migrate: false - up
[2024-08-21 23:52:39.135] [info]  Migrator EnablePasskeysMigrator (to version 17) should migrate: false - up
[2024-08-21 23:52:39.135] [info]  Migrator AutofillSettingsKeyMigrator (to version 18) should migrate: false - up
[2024-08-21 23:52:39.135] [info]  Migrator RequirePasswordOnStartMigrator (to version 19) should migrate: false - up
[2024-08-21 23:52:39.135] [info]  Migrator PrivateKeyMigrator (to version 20) should migrate: false - up
[2024-08-21 23:52:39.135] [info]  Migrator CollectionMigrator (to version 21) should migrate: false - up
[2024-08-21 23:52:39.135] [info]  Migrator CollapsedGroupingsMigrator (to version 22) should migrate: false - up
[2024-08-21 23:52:39.136] [info]  Migrator MoveBiometricPromptsToStateProviders (to version 23) should migrate: false - up
[2024-08-21 23:52:39.136] [info]  Migrator SmOnboardingTasksMigrator (to version 24) should migrate: false - up
[2024-08-21 23:52:39.136] [info]  Migrator ClearClipboardDelayMigrator (to version 25) should migrate: false - up
[2024-08-21 23:52:39.136] [info]  Migrator RevertLastSyncMigrator (to version 26) should migrate: false - up
[2024-08-21 23:52:39.136] [info]  Migrator BadgeSettingsMigrator (to version 27) should migrate: false - up
[2024-08-21 23:52:39.136] [info]  Migrator MoveBiometricUnlockToStateProviders (to version 28) should migrate: false - up
[2024-08-21 23:52:39.136] [info]  Migrator UserNotificationSettingsKeyMigrator (to version 29) should migrate: false - up
[2024-08-21 23:52:39.136] [info]  Migrator PolicyMigrator (to version 30) should migrate: false - up
[2024-08-21 23:52:39.136] [info]  Migrator EnableContextMenuMigrator (to version 31) should migrate: false - up
[2024-08-21 23:52:39.136] [info]  Migrator PreferredLanguageMigrator (to version 32) should migrate: false - up
[2024-08-21 23:52:39.137] [info]  Migrator AppIdMigrator (to version 33) should migrate: false - up
[2024-08-21 23:52:39.137] [info]  Migrator DomainSettingsMigrator (to version 34) should migrate: false - up
[2024-08-21 23:52:39.137] [info]  Migrator MoveThemeToStateProviderMigrator (to version 35) should migrate: false - up
[2024-08-21 23:52:39.137] [info]  Migrator VaultSettingsKeyMigrator (to version 36) should migrate: false - up
[2024-08-21 23:52:39.137] [info]  Migrator AvatarColorMigrator (to version 37) should migrate: false - up
[2024-08-21 23:52:39.137] [info]  Migrator TokenServiceStateProviderMigrator (to version 38) should migrate: false - up
[2024-08-21 23:52:39.137] [info]  Migrator MoveBillingAccountProfileMigrator (to version 39) should migrate: false - up
[2024-08-21 23:52:39.137] [info]  Migrator OrganizationMigrator (to version 40) should migrate: false - up
[2024-08-21 23:52:39.137] [info]  Migrator EventCollectionMigrator (to version 41) should migrate: false - up
[2024-08-21 23:52:39.137] [info]  Migrator EnableFaviconMigrator (to version 42) should migrate: false - up
[2024-08-21 23:52:39.137] [info]  Migrator AutoConfirmFingerPrintsMigrator (to version 43) should migrate: false - up
[2024-08-21 23:52:39.138] [info]  Migrator UserDecryptionOptionsMigrator (to version 44) should migrate: false - up
[2024-08-21 23:52:39.138] [info]  Migrator MergeEnvironmentState (to version 45) should migrate: false - up
[2024-08-21 23:52:39.138] [info]  Migrator DeleteBiometricPromptCancelledData (to version 46) should migrate: false - up
[2024-08-21 23:52:39.138] [info]  Migrator MoveDesktopSettingsMigrator (to version 47) should migrate: false - up
[2024-08-21 23:52:39.138] [info]  Migrator MoveDdgToStateProviderMigrator (to version 48) should migrate: false - up
[2024-08-21 23:52:39.138] [info]  Migrator AccountServerConfigMigrator (to version 49) should migrate: false - up
[2024-08-21 23:52:39.138] [info]  Migrator KeyConnectorMigrator (to version 50) should migrate: false - up
[2024-08-21 23:52:39.138] [info]  Migrator RememberedEmailMigrator (to version 51) should migrate: false - up
[2024-08-21 23:52:39.138] [info]  Migrator DeleteInstalledVersion (to version 52) should migrate: false - up
[2024-08-21 23:52:39.138] [info]  Migrator DeviceTrustServiceStateProviderMigrator (to version 53) should migrate: false - up
[2024-08-21 23:52:39.138] [info]  Migrator SendMigrator (to version 54) should migrate: false - up
[2024-08-21 23:52:39.139] [info]  Migrator MoveMasterKeyStateToProviderMigrator (to version 55) should migrate: false - up
[2024-08-21 23:52:39.139] [info]  Migrator AuthRequestMigrator (to version 56) should migrate: false - up
[2024-08-21 23:52:39.139] [info]  Migrator CipherServiceMigrator (to version 57) should migrate: false - up
[2024-08-21 23:52:39.139] [info]  Migrator RemoveRefreshTokenMigratedFlagMigrator (to version 58) should migrate: false - up
[2024-08-21 23:52:39.139] [info]  Migrator KdfConfigMigrator (to version 59) should migrate: false - up
[2024-08-21 23:52:39.139] [info]  Migrator KnownAccountsMigrator (to version 60) should migrate: false - up
[2024-08-21 23:52:39.139] [info]  Migrator PinStateMigrator (to version 61) should migrate: false - up
[2024-08-21 23:52:39.139] [info]  Migrator VaultTimeoutSettingsServiceStateProviderMigrator (to version 62) should migrate: false - up
[2024-08-21 23:52:39.139] [info]  Migrator PasswordOptionsMigrator (to version 63) should migrate: false - up
[2024-08-21 23:52:39.139] [info]  Migrator GeneratorHistoryMigrator (to version 64) should migrate: false - up
[2024-08-21 23:52:39.139] [info]  Migrator ForwarderOptionsMigrator (to version 65) should migrate: false - up
[2024-08-21 23:53:28.733] [info]  State version: 65
[2024-08-21 23:53:28.736] [info]  Migrator MinVersionMigrator (to version 3) should migrate: false - up
[2024-08-21 23:53:28.737] [info]  Migrator RemoveEverBeenUnlockedMigrator (to version 4) should migrate: false - up
[2024-08-21 23:53:28.737] [info]  Migrator AddKeyTypeToOrgKeysMigrator (to version 5) should migrate: false - up
[2024-08-21 23:53:28.737] [info]  Migrator RemoveLegacyEtmKeyMigrator (to version 6) should migrate: false - up
[2024-08-21 23:53:28.737] [info]  Migrator MoveBiometricAutoPromptToAccount (to version 7) should migrate: false - up
[2024-08-21 23:53:28.738] [info]  Migrator MoveStateVersionMigrator (to version 8) should migrate: false - up
[2024-08-21 23:53:28.738] [info]  Migrator MoveBrowserSettingsToGlobal (to version 9) should migrate: false - up
[2024-08-21 23:53:28.738] [info]  Migrator EverHadUserKeyMigrator (to version 10) should migrate: false - up
[2024-08-21 23:53:28.738] [info]  Migrator OrganizationKeyMigrator (to version 11) should migrate: false - up
[2024-08-21 23:53:28.738] [info]  Migrator MoveEnvironmentStateToProviders (to version 12) should migrate: false - up
[2024-08-21 23:53:28.739] [info]  Migrator ProviderKeyMigrator (to version 13) should migrate: false - up
[2024-08-21 23:53:28.739] [info]  Migrator MoveBiometricClientKeyHalfToStateProviders (to version 14) should migrate: false - up
[2024-08-21 23:53:28.739] [info]  Migrator FolderMigrator (to version 15) should migrate: false - up
[2024-08-21 23:53:28.739] [info]  Migrator LastSyncMigrator (to version 16) should migrate: false - up
[2024-08-21 23:53:28.739] [info]  Migrator EnablePasskeysMigrator (to version 17) should migrate: false - up
[2024-08-21 23:53:28.739] [info]  Migrator AutofillSettingsKeyMigrator (to version 18) should migrate: false - up
[2024-08-21 23:53:28.739] [info]  Migrator RequirePasswordOnStartMigrator (to version 19) should migrate: false - up
[2024-08-21 23:53:28.740] [info]  Migrator PrivateKeyMigrator (to version 20) should migrate: false - up
[2024-08-21 23:53:28.740] [info]  Migrator CollectionMigrator (to version 21) should migrate: false - up
[2024-08-21 23:53:28.740] [info]  Migrator CollapsedGroupingsMigrator (to version 22) should migrate: false - up
[2024-08-21 23:53:28.740] [info]  Migrator MoveBiometricPromptsToStateProviders (to version 23) should migrate: false - up
[2024-08-21 23:53:28.740] [info]  Migrator SmOnboardingTasksMigrator (to version 24) should migrate: false - up
[2024-08-21 23:53:28.740] [info]  Migrator ClearClipboardDelayMigrator (to version 25) should migrate: false - up
[2024-08-21 23:53:28.740] [info]  Migrator RevertLastSyncMigrator (to version 26) should migrate: false - up
[2024-08-21 23:53:28.741] [info]  Migrator BadgeSettingsMigrator (to version 27) should migrate: false - up
[2024-08-21 23:53:28.741] [info]  Migrator MoveBiometricUnlockToStateProviders (to version 28) should migrate: false - up
[2024-08-21 23:53:28.741] [info]  Migrator UserNotificationSettingsKeyMigrator (to version 29) should migrate: false - up
[2024-08-21 23:53:28.741] [info]  Migrator PolicyMigrator (to version 30) should migrate: false - up
[2024-08-21 23:53:28.741] [info]  Migrator EnableContextMenuMigrator (to version 31) should migrate: false - up
[2024-08-21 23:53:28.741] [info]  Migrator PreferredLanguageMigrator (to version 32) should migrate: false - up
[2024-08-21 23:53:28.741] [info]  Migrator AppIdMigrator (to version 33) should migrate: false - up
[2024-08-21 23:53:28.741] [info]  Migrator DomainSettingsMigrator (to version 34) should migrate: false - up
[2024-08-21 23:53:28.742] [info]  Migrator MoveThemeToStateProviderMigrator (to version 35) should migrate: false - up
[2024-08-21 23:53:28.742] [info]  Migrator VaultSettingsKeyMigrator (to version 36) should migrate: false - up
[2024-08-21 23:53:28.742] [info]  Migrator AvatarColorMigrator (to version 37) should migrate: false - up
[2024-08-21 23:53:28.742] [info]  Migrator TokenServiceStateProviderMigrator (to version 38) should migrate: false - up
[2024-08-21 23:53:28.742] [info]  Migrator MoveBillingAccountProfileMigrator (to version 39) should migrate: false - up
[2024-08-21 23:53:28.742] [info]  Migrator OrganizationMigrator (to version 40) should migrate: false - up
[2024-08-21 23:53:28.742] [info]  Migrator EventCollectionMigrator (to version 41) should migrate: false - up
[2024-08-21 23:53:28.742] [info]  Migrator EnableFaviconMigrator (to version 42) should migrate: false - up
[2024-08-21 23:53:28.743] [info]  Migrator AutoConfirmFingerPrintsMigrator (to version 43) should migrate: false - up
[2024-08-21 23:53:28.743] [info]  Migrator UserDecryptionOptionsMigrator (to version 44) should migrate: false - up
[2024-08-21 23:53:28.743] [info]  Migrator MergeEnvironmentState (to version 45) should migrate: false - up
[2024-08-21 23:53:28.743] [info]  Migrator DeleteBiometricPromptCancelledData (to version 46) should migrate: false - up
[2024-08-21 23:53:28.743] [info]  Migrator MoveDesktopSettingsMigrator (to version 47) should migrate: false - up
[2024-08-21 23:53:28.743] [info]  Migrator MoveDdgToStateProviderMigrator (to version 48) should migrate: false - up
[2024-08-21 23:53:28.743] [info]  Migrator AccountServerConfigMigrator (to version 49) should migrate: false - up
[2024-08-21 23:53:28.743] [info]  Migrator KeyConnectorMigrator (to version 50) should migrate: false - up
[2024-08-21 23:53:28.744] [info]  Migrator RememberedEmailMigrator (to version 51) should migrate: false - up
[2024-08-21 23:53:28.744] [info]  Migrator DeleteInstalledVersion (to version 52) should migrate: false - up
[2024-08-21 23:53:28.744] [info]  Migrator DeviceTrustServiceStateProviderMigrator (to version 53) should migrate: false - up
[2024-08-21 23:53:28.744] [info]  Migrator SendMigrator (to version 54) should migrate: false - up
[2024-08-21 23:53:28.744] [info]  Migrator MoveMasterKeyStateToProviderMigrator (to version 55) should migrate: false - up
[2024-08-21 23:53:28.744] [info]  Migrator AuthRequestMigrator (to version 56) should migrate: false - up
[2024-08-21 23:53:28.744] [info]  Migrator CipherServiceMigrator (to version 57) should migrate: false - up
[2024-08-21 23:53:28.744] [info]  Migrator RemoveRefreshTokenMigratedFlagMigrator (to version 58) should migrate: false - up
[2024-08-21 23:53:28.745] [info]  Migrator KdfConfigMigrator (to version 59) should migrate: false - up
[2024-08-21 23:53:28.745] [info]  Migrator KnownAccountsMigrator (to version 60) should migrate: false - up
[2024-08-21 23:53:28.745] [info]  Migrator PinStateMigrator (to version 61) should migrate: false - up
[2024-08-21 23:53:28.745] [info]  Migrator VaultTimeoutSettingsServiceStateProviderMigrator (to version 62) should migrate: false - up
[2024-08-21 23:53:28.745] [info]  Migrator PasswordOptionsMigrator (to version 63) should migrate: false - up
[2024-08-21 23:53:28.745] [info]  Migrator GeneratorHistoryMigrator (to version 64) should migrate: false - up
[2024-08-21 23:53:28.745] [info]  Migrator ForwarderOptionsMigrator (to version 65) should migrate: false - up
[2024-08-22 00:01:43.623] [error] TypeError: Object has been destroyed
    at WindowMain.<anonymous> (/usr/lib/bitwarden/app.asar/main.js:89991:36)
    at Generator.next (<anonymous>)
    at /usr/lib/bitwarden/app.asar/main.js:89753:71
    at new Promise (<anonymous>)
    at window_main_awaiter (/usr/lib/bitwarden/app.asar/main.js:89749:12)
    at WindowMain.updateWindowState (/usr/lib/bitwarden/app.asar/main.js:89986:16)
    at WindowMain.<anonymous> (/usr/lib/bitwarden/app.asar/main.js:89921:28)
    at Generator.next (<anonymous>)
    at /usr/lib/bitwarden/app.asar/main.js:89753:71
    at new Promise (<anonymous>)
[2024-08-22 22:14:11.985] [info]  State version: 65
[2024-08-22 22:14:12.011] [info]  Migrator MinVersionMigrator (to version 3) should migrate: false - up
[2024-08-22 22:14:12.013] [info]  Migrator RemoveEverBeenUnlockedMigrator (to version 4) should migrate: false - up
[2024-08-22 22:14:12.015] [info]  Migrator AddKeyTypeToOrgKeysMigrator (to version 5) should migrate: false - up
[2024-08-22 22:14:12.016] [info]  Migrator RemoveLegacyEtmKeyMigrator (to version 6) should migrate: false - up
[2024-08-22 22:14:12.017] [info]  Migrator MoveBiometricAutoPromptToAccount (to version 7) should migrate: false - up
[2024-08-22 22:14:12.019] [info]  Migrator MoveStateVersionMigrator (to version 8) should migrate: false - up
[2024-08-22 22:14:12.020] [info]  Migrator MoveBrowserSettingsToGlobal (to version 9) should migrate: false - up
[2024-08-22 22:14:12.021] [info]  Migrator EverHadUserKeyMigrator (to version 10) should migrate: false - up
[2024-08-22 22:14:12.022] [info]  Migrator OrganizationKeyMigrator (to version 11) should migrate: false - up
[2024-08-22 22:14:12.024] [info]  Migrator MoveEnvironmentStateToProviders (to version 12) should migrate: false - up
[2024-08-22 22:14:12.025] [info]  Migrator ProviderKeyMigrator (to version 13) should migrate: false - up
[2024-08-22 22:14:12.026] [info]  Migrator MoveBiometricClientKeyHalfToStateProviders (to version 14) should migrate: false - up
[2024-08-22 22:14:12.027] [info]  Migrator FolderMigrator (to version 15) should migrate: false - up
[2024-08-22 22:14:12.027] [info]  Migrator LastSyncMigrator (to version 16) should migrate: false - up
[2024-08-22 22:14:12.028] [info]  Migrator EnablePasskeysMigrator (to version 17) should migrate: false - up
[2024-08-22 22:14:12.029] [info]  Migrator AutofillSettingsKeyMigrator (to version 18) should migrate: false - up
[2024-08-22 22:14:12.030] [info]  Migrator RequirePasswordOnStartMigrator (to version 19) should migrate: false - up
[2024-08-22 22:14:12.030] [info]  Migrator PrivateKeyMigrator (to version 20) should migrate: false - up
[2024-08-22 22:14:12.031] [info]  Migrator CollectionMigrator (to version 21) should migrate: false - up
[2024-08-22 22:14:12.032] [info]  Migrator CollapsedGroupingsMigrator (to version 22) should migrate: false - up
[2024-08-22 22:14:12.033] [info]  Migrator MoveBiometricPromptsToStateProviders (to version 23) should migrate: false - up
[2024-08-22 22:14:12.033] [info]  Migrator SmOnboardingTasksMigrator (to version 24) should migrate: false - up
[2024-08-22 22:14:12.034] [info]  Migrator ClearClipboardDelayMigrator (to version 25) should migrate: false - up
[2024-08-22 22:14:12.035] [info]  Migrator RevertLastSyncMigrator (to version 26) should migrate: false - up
[2024-08-22 22:14:12.036] [info]  Migrator BadgeSettingsMigrator (to version 27) should migrate: false - up
[2024-08-22 22:14:12.037] [info]  Migrator MoveBiometricUnlockToStateProviders (to version 28) should migrate: false - up
[2024-08-22 22:14:12.037] [info]  Migrator UserNotificationSettingsKeyMigrator (to version 29) should migrate: false - up
[2024-08-22 22:14:12.038] [info]  Migrator PolicyMigrator (to version 30) should migrate: false - up
[2024-08-22 22:14:12.039] [info]  Migrator EnableContextMenuMigrator (to version 31) should migrate: false - up
[2024-08-22 22:14:12.039] [info]  Migrator PreferredLanguageMigrator (to version 32) should migrate: false - up
[2024-08-22 22:14:12.040] [info]  Migrator AppIdMigrator (to version 33) should migrate: false - up
[2024-08-22 22:14:12.041] [info]  Migrator DomainSettingsMigrator (to version 34) should migrate: false - up
[2024-08-22 22:14:12.041] [info]  Migrator MoveThemeToStateProviderMigrator (to version 35) should migrate: false - up
[2024-08-22 22:14:12.042] [info]  Migrator VaultSettingsKeyMigrator (to version 36) should migrate: false - up
[2024-08-22 22:14:12.043] [info]  Migrator AvatarColorMigrator (to version 37) should migrate: false - up
[2024-08-22 22:14:12.044] [info]  Migrator TokenServiceStateProviderMigrator (to version 38) should migrate: false - up
[2024-08-22 22:14:12.044] [info]  Migrator MoveBillingAccountProfileMigrator (to version 39) should migrate: false - up
[2024-08-22 22:14:12.045] [info]  Migrator OrganizationMigrator (to version 40) should migrate: false - up
[2024-08-22 22:14:12.046] [info]  Migrator EventCollectionMigrator (to version 41) should migrate: false - up
[2024-08-22 22:14:12.047] [info]  Migrator EnableFaviconMigrator (to version 42) should migrate: false - up
[2024-08-22 22:14:12.047] [info]  Migrator AutoConfirmFingerPrintsMigrator (to version 43) should migrate: false - up
[2024-08-22 22:14:12.048] [info]  Migrator UserDecryptionOptionsMigrator (to version 44) should migrate: false - up
[2024-08-22 22:14:12.049] [info]  Migrator MergeEnvironmentState (to version 45) should migrate: false - up
[2024-08-22 22:14:12.049] [info]  Migrator DeleteBiometricPromptCancelledData (to version 46) should migrate: false - up
[2024-08-22 22:14:12.050] [info]  Migrator MoveDesktopSettingsMigrator (to version 47) should migrate: false - up
[2024-08-22 22:14:12.051] [info]  Migrator MoveDdgToStateProviderMigrator (to version 48) should migrate: false - up
[2024-08-22 22:14:12.051] [info]  Migrator AccountServerConfigMigrator (to version 49) should migrate: false - up
[2024-08-22 22:14:12.052] [info]  Migrator KeyConnectorMigrator (to version 50) should migrate: false - up
[2024-08-22 22:14:12.053] [info]  Migrator RememberedEmailMigrator (to version 51) should migrate: false - up
[2024-08-22 22:14:12.054] [info]  Migrator DeleteInstalledVersion (to version 52) should migrate: false - up
[2024-08-22 22:14:12.054] [info]  Migrator DeviceTrustServiceStateProviderMigrator (to version 53) should migrate: false - up
[2024-08-22 22:14:12.055] [info]  Migrator SendMigrator (to version 54) should migrate: false - up
[2024-08-22 22:14:12.056] [info]  Migrator MoveMasterKeyStateToProviderMigrator (to version 55) should migrate: false - up
[2024-08-22 22:14:12.057] [info]  Migrator AuthRequestMigrator (to version 56) should migrate: false - up
[2024-08-22 22:14:12.057] [info]  Migrator CipherServiceMigrator (to version 57) should migrate: false - up
[2024-08-22 22:14:12.058] [info]  Migrator RemoveRefreshTokenMigratedFlagMigrator (to version 58) should migrate: false - up
[2024-08-22 22:14:12.059] [info]  Migrator KdfConfigMigrator (to version 59) should migrate: false - up
[2024-08-22 22:14:12.060] [info]  Migrator KnownAccountsMigrator (to version 60) should migrate: false - up
[2024-08-22 22:14:12.060] [info]  Migrator PinStateMigrator (to version 61) should migrate: false - up
[2024-08-22 22:14:12.061] [info]  Migrator VaultTimeoutSettingsServiceStateProviderMigrator (to version 62) should migrate: false - up
[2024-08-22 22:14:12.062] [info]  Migrator PasswordOptionsMigrator (to version 63) should migrate: false - up
[2024-08-22 22:14:12.063] [info]  Migrator GeneratorHistoryMigrator (to version 64) should migrate: false - up
[2024-08-22 22:14:12.063] [info]  Migrator ForwarderOptionsMigrator (to version 65) should migrate: false - up
[2024-08-22 22:14:16.536] [info]  State version: 65
[2024-08-22 22:14:25.116] [info]  Finished search indexing
[2024-08-22 22:14:26.426] [info]  Finished search indexing
[2024-08-22 22:23:35.367] [error] TypeError: Object has been destroyed
    at WindowMain.<anonymous> (/usr/lib/bitwarden/app.asar/main.js:89991:36)
    at Generator.next (<anonymous>)
    at /usr/lib/bitwarden/app.asar/main.js:89753:71
    at new Promise (<anonymous>)
    at window_main_awaiter (/usr/lib/bitwarden/app.asar/main.js:89749:12)
    at WindowMain.updateWindowState (/usr/lib/bitwarden/app.asar/main.js:89986:16)
    at WindowMain.<anonymous> (/usr/lib/bitwarden/app.asar/main.js:89921:28)
    at Generator.next (<anonymous>)
    at /usr/lib/bitwarden/app.asar/main.js:89753:71
    at new Promise (<anonymous>)
[2024-08-22 22:44:46.821] [info]  State version: 65
[2024-08-22 22:44:46.845] [info]  Migrator MinVersionMigrator (to version 3) should migrate: false - up
[2024-08-22 22:44:46.847] [info]  Migrator RemoveEverBeenUnlockedMigrator (to version 4) should migrate: false - up
[2024-08-22 22:44:46.849] [info]  Migrator AddKeyTypeToOrgKeysMigrator (to version 5) should migrate: false - up
[2024-08-22 22:44:46.850] [info]  Migrator RemoveLegacyEtmKeyMigrator (to version 6) should migrate: false - up
[2024-08-22 22:44:46.851] [info]  Migrator MoveBiometricAutoPromptToAccount (to version 7) should migrate: false - up
[2024-08-22 22:44:46.853] [info]  Migrator MoveStateVersionMigrator (to version 8) should migrate: false - up
[2024-08-22 22:44:46.854] [info]  Migrator MoveBrowserSettingsToGlobal (to version 9) should migrate: false - up
[2024-08-22 22:44:46.855] [info]  Migrator EverHadUserKeyMigrator (to version 10) should migrate: false - up
[2024-08-22 22:44:46.857] [info]  Migrator OrganizationKeyMigrator (to version 11) should migrate: false - up
[2024-08-22 22:44:46.858] [info]  Migrator MoveEnvironmentStateToProviders (to version 12) should migrate: false - up
[2024-08-22 22:44:46.859] [info]  Migrator ProviderKeyMigrator (to version 13) should migrate: false - up
[2024-08-22 22:44:46.860] [info]  Migrator MoveBiometricClientKeyHalfToStateProviders (to version 14) should migrate: false - up
[2024-08-22 22:44:46.861] [info]  Migrator FolderMigrator (to version 15) should migrate: false - up
[2024-08-22 22:44:46.862] [info]  Migrator LastSyncMigrator (to version 16) should migrate: false - up
[2024-08-22 22:44:46.862] [info]  Migrator EnablePasskeysMigrator (to version 17) should migrate: false - up
[2024-08-22 22:44:46.863] [info]  Migrator AutofillSettingsKeyMigrator (to version 18) should migrate: false - up
[2024-08-22 22:44:46.864] [info]  Migrator RequirePasswordOnStartMigrator (to version 19) should migrate: false - up
[2024-08-22 22:44:46.865] [info]  Migrator PrivateKeyMigrator (to version 20) should migrate: false - up
[2024-08-22 22:44:46.865] [info]  Migrator CollectionMigrator (to version 21) should migrate: false - up
[2024-08-22 22:44:46.866] [info]  Migrator CollapsedGroupingsMigrator (to version 22) should migrate: false - up
[2024-08-22 22:44:46.867] [info]  Migrator MoveBiometricPromptsToStateProviders (to version 23) should migrate: false - up
[2024-08-22 22:44:46.868] [info]  Migrator SmOnboardingTasksMigrator (to version 24) should migrate: false - up
[2024-08-22 22:44:46.869] [info]  Migrator ClearClipboardDelayMigrator (to version 25) should migrate: false - up
[2024-08-22 22:44:46.869] [info]  Migrator RevertLastSyncMigrator (to version 26) should migrate: false - up
[2024-08-22 22:44:46.870] [info]  Migrator BadgeSettingsMigrator (to version 27) should migrate: false - up
[2024-08-22 22:44:46.871] [info]  Migrator MoveBiometricUnlockToStateProviders (to version 28) should migrate: false - up
[2024-08-22 22:44:46.872] [info]  Migrator UserNotificationSettingsKeyMigrator (to version 29) should migrate: false - up
[2024-08-22 22:44:46.872] [info]  Migrator PolicyMigrator (to version 30) should migrate: false - up
[2024-08-22 22:44:46.873] [info]  Migrator EnableContextMenuMigrator (to version 31) should migrate: false - up
[2024-08-22 22:44:46.873] [info]  Migrator PreferredLanguageMigrator (to version 32) should migrate: false - up
[2024-08-22 22:44:46.874] [info]  Migrator AppIdMigrator (to version 33) should migrate: false - up
[2024-08-22 22:44:46.875] [info]  Migrator DomainSettingsMigrator (to version 34) should migrate: false - up
[2024-08-22 22:44:46.876] [info]  Migrator MoveThemeToStateProviderMigrator (to version 35) should migrate: false - up
[2024-08-22 22:44:46.876] [info]  Migrator VaultSettingsKeyMigrator (to version 36) should migrate: false - up
[2024-08-22 22:44:46.877] [info]  Migrator AvatarColorMigrator (to version 37) should migrate: false - up
[2024-08-22 22:44:46.878] [info]  Migrator TokenServiceStateProviderMigrator (to version 38) should migrate: false - up
[2024-08-22 22:44:46.879] [info]  Migrator MoveBillingAccountProfileMigrator (to version 39) should migrate: false - up
[2024-08-22 22:44:46.880] [info]  Migrator OrganizationMigrator (to version 40) should migrate: false - up
[2024-08-22 22:44:46.880] [info]  Migrator EventCollectionMigrator (to version 41) should migrate: false - up
[2024-08-22 22:44:46.881] [info]  Migrator EnableFaviconMigrator (to version 42) should migrate: false - up
[2024-08-22 22:44:46.882] [info]  Migrator AutoConfirmFingerPrintsMigrator (to version 43) should migrate: false - up
[2024-08-22 22:44:46.882] [info]  Migrator UserDecryptionOptionsMigrator (to version 44) should migrate: false - up
[2024-08-22 22:44:46.883] [info]  Migrator MergeEnvironmentState (to version 45) should migrate: false - up
[2024-08-22 22:44:46.884] [info]  Migrator DeleteBiometricPromptCancelledData (to version 46) should migrate: false - up
[2024-08-22 22:44:46.884] [info]  Migrator MoveDesktopSettingsMigrator (to version 47) should migrate: false - up
[2024-08-22 22:44:46.885] [info]  Migrator MoveDdgToStateProviderMigrator (to version 48) should migrate: false - up
[2024-08-22 22:44:46.886] [info]  Migrator AccountServerConfigMigrator (to version 49) should migrate: false - up
[2024-08-22 22:44:46.886] [info]  Migrator KeyConnectorMigrator (to version 50) should migrate: false - up
[2024-08-22 22:44:46.887] [info]  Migrator RememberedEmailMigrator (to version 51) should migrate: false - up
[2024-08-22 22:44:46.888] [info]  Migrator DeleteInstalledVersion (to version 52) should migrate: false - up
[2024-08-22 22:44:46.889] [info]  Migrator DeviceTrustServiceStateProviderMigrator (to version 53) should migrate: false - up
[2024-08-22 22:44:46.889] [info]  Migrator SendMigrator (to version 54) should migrate: false - up
[2024-08-22 22:44:46.890] [info]  Migrator MoveMasterKeyStateToProviderMigrator (to version 55) should migrate: false - up
[2024-08-22 22:44:46.891] [info]  Migrator AuthRequestMigrator (to version 56) should migrate: false - up
[2024-08-22 22:44:46.892] [info]  Migrator CipherServiceMigrator (to version 57) should migrate: false - up
[2024-08-22 22:44:46.892] [info]  Migrator RemoveRefreshTokenMigratedFlagMigrator (to version 58) should migrate: false - up
[2024-08-22 22:44:46.893] [info]  Migrator KdfConfigMigrator (to version 59) should migrate: false - up
[2024-08-22 22:44:46.894] [info]  Migrator KnownAccountsMigrator (to version 60) should migrate: false - up
[2024-08-22 22:44:46.895] [info]  Migrator PinStateMigrator (to version 61) should migrate: false - up
[2024-08-22 22:44:46.895] [info]  Migrator VaultTimeoutSettingsServiceStateProviderMigrator (to version 62) should migrate: false - up
[2024-08-22 22:44:46.896] [info]  Migrator PasswordOptionsMigrator (to version 63) should migrate: false - up
[2024-08-22 22:44:46.897] [info]  Migrator GeneratorHistoryMigrator (to version 64) should migrate: false - up
[2024-08-22 22:44:46.897] [info]  Migrator ForwarderOptionsMigrator (to version 65) should migrate: false - up
[2024-08-22 22:44:50.919] [info]  State version: 65
[2024-08-22 22:44:52.670] [info]  Finished search indexing
[2024-08-22 22:44:53.972] [info]  Finished search indexing
[2024-08-22 22:45:11.620] [error] TypeError: Object has been destroyed
    at WindowMain.<anonymous> (/usr/lib/bitwarden/app.asar/main.js:89991:36)
    at Generator.next (<anonymous>)
    at /usr/lib/bitwarden/app.asar/main.js:89753:71
    at new Promise (<anonymous>)
    at window_main_awaiter (/usr/lib/bitwarden/app.asar/main.js:89749:12)
    at WindowMain.updateWindowState (/usr/lib/bitwarden/app.asar/main.js:89986:16)
    at WindowMain.<anonymous> (/usr/lib/bitwarden/app.asar/main.js:89921:28)
    at Generator.next (<anonymous>)
    at /usr/lib/bitwarden/app.asar/main.js:89753:71
    at new Promise (<anonymous>)
[2024-08-23 08:30:51.705] [info]  State version: 65
[2024-08-23 08:30:51.730] [info]  Migrator MinVersionMigrator (to version 3) should migrate: false - up
[2024-08-23 08:30:51.732] [info]  Migrator RemoveEverBeenUnlockedMigrator (to version 4) should migrate: false - up
[2024-08-23 08:30:51.734] [info]  Migrator AddKeyTypeToOrgKeysMigrator (to version 5) should migrate: false - up
[2024-08-23 08:30:51.736] [info]  Migrator RemoveLegacyEtmKeyMigrator (to version 6) should migrate: false - up
[2024-08-23 08:30:51.737] [info]  Migrator MoveBiometricAutoPromptToAccount (to version 7) should migrate: false - up
[2024-08-23 08:30:51.738] [info]  Migrator MoveStateVersionMigrator (to version 8) should migrate: false - up
[2024-08-23 08:30:51.739] [info]  Migrator MoveBrowserSettingsToGlobal (to version 9) should migrate: false - up
[2024-08-23 08:30:51.741] [info]  Migrator EverHadUserKeyMigrator (to version 10) should migrate: false - up
[2024-08-23 08:30:51.742] [info]  Migrator OrganizationKeyMigrator (to version 11) should migrate: false - up
[2024-08-23 08:30:51.744] [info]  Migrator MoveEnvironmentStateToProviders (to version 12) should migrate: false - up
[2024-08-23 08:30:51.745] [info]  Migrator ProviderKeyMigrator (to version 13) should migrate: false - up
[2024-08-23 08:30:51.746] [info]  Migrator MoveBiometricClientKeyHalfToStateProviders (to version 14) should migrate: false - up
[2024-08-23 08:30:51.747] [info]  Migrator FolderMigrator (to version 15) should migrate: false - up
[2024-08-23 08:30:51.748] [info]  Migrator LastSyncMigrator (to version 16) should migrate: false - up
[2024-08-23 08:30:51.749] [info]  Migrator EnablePasskeysMigrator (to version 17) should migrate: false - up
[2024-08-23 08:30:51.750] [info]  Migrator AutofillSettingsKeyMigrator (to version 18) should migrate: false - up
[2024-08-23 08:30:51.751] [info]  Migrator RequirePasswordOnStartMigrator (to version 19) should migrate: false - up
[2024-08-23 08:30:51.751] [info]  Migrator PrivateKeyMigrator (to version 20) should migrate: false - up
[2024-08-23 08:30:51.752] [info]  Migrator CollectionMigrator (to version 21) should migrate: false - up
[2024-08-23 08:30:51.753] [info]  Migrator CollapsedGroupingsMigrator (to version 22) should migrate: false - up
[2024-08-23 08:30:51.754] [info]  Migrator MoveBiometricPromptsToStateProviders (to version 23) should migrate: false - up
[2024-08-23 08:30:51.755] [info]  Migrator SmOnboardingTasksMigrator (to version 24) should migrate: false - up
[2024-08-23 08:30:51.756] [info]  Migrator ClearClipboardDelayMigrator (to version 25) should migrate: false - up
[2024-08-23 08:30:51.756] [info]  Migrator RevertLastSyncMigrator (to version 26) should migrate: false - up
[2024-08-23 08:30:51.757] [info]  Migrator BadgeSettingsMigrator (to version 27) should migrate: false - up
[2024-08-23 08:30:51.758] [info]  Migrator MoveBiometricUnlockToStateProviders (to version 28) should migrate: false - up
[2024-08-23 08:30:51.759] [info]  Migrator UserNotificationSettingsKeyMigrator (to version 29) should migrate: false - up
[2024-08-23 08:30:51.759] [info]  Migrator PolicyMigrator (to version 30) should migrate: false - up
[2024-08-23 08:30:51.760] [info]  Migrator EnableContextMenuMigrator (to version 31) should migrate: false - up
[2024-08-23 08:30:51.761] [info]  Migrator PreferredLanguageMigrator (to version 32) should migrate: false - up
[2024-08-23 08:30:51.762] [info]  Migrator AppIdMigrator (to version 33) should migrate: false - up
[2024-08-23 08:30:51.763] [info]  Migrator DomainSettingsMigrator (to version 34) should migrate: false - up
[2024-08-23 08:30:51.764] [info]  Migrator MoveThemeToStateProviderMigrator (to version 35) should migrate: false - up
[2024-08-23 08:30:51.764] [info]  Migrator VaultSettingsKeyMigrator (to version 36) should migrate: false - up
[2024-08-23 08:30:51.765] [info]  Migrator AvatarColorMigrator (to version 37) should migrate: false - up
[2024-08-23 08:30:51.766] [info]  Migrator TokenServiceStateProviderMigrator (to version 38) should migrate: false - up
[2024-08-23 08:30:51.767] [info]  Migrator MoveBillingAccountProfileMigrator (to version 39) should migrate: false - up
[2024-08-23 08:30:51.768] [info]  Migrator OrganizationMigrator (to version 40) should migrate: false - up
[2024-08-23 08:30:51.769] [info]  Migrator EventCollectionMigrator (to version 41) should migrate: false - up
[2024-08-23 08:30:51.769] [info]  Migrator EnableFaviconMigrator (to version 42) should migrate: false - up
[2024-08-23 08:30:51.770] [info]  Migrator AutoConfirmFingerPrintsMigrator (to version 43) should migrate: false - up
[2024-08-23 08:30:51.771] [info]  Migrator UserDecryptionOptionsMigrator (to version 44) should migrate: false - up
[2024-08-23 08:30:51.772] [info]  Migrator MergeEnvironmentState (to version 45) should migrate: false - up
[2024-08-23 08:30:51.772] [info]  Migrator DeleteBiometricPromptCancelledData (to version 46) should migrate: false - up
[2024-08-23 08:30:51.773] [info]  Migrator MoveDesktopSettingsMigrator (to version 47) should migrate: false - up
[2024-08-23 08:30:51.774] [info]  Migrator MoveDdgToStateProviderMigrator (to version 48) should migrate: false - up
[2024-08-23 08:30:51.774] [info]  Migrator AccountServerConfigMigrator (to version 49) should migrate: false - up
[2024-08-23 08:30:51.775] [info]  Migrator KeyConnectorMigrator (to version 50) should migrate: false - up
[2024-08-23 08:30:51.776] [info]  Migrator RememberedEmailMigrator (to version 51) should migrate: false - up
[2024-08-23 08:30:51.777] [info]  Migrator DeleteInstalledVersion (to version 52) should migrate: false - up
[2024-08-23 08:30:51.778] [info]  Migrator DeviceTrustServiceStateProviderMigrator (to version 53) should migrate: false - up
[2024-08-23 08:30:51.778] [info]  Migrator SendMigrator (to version 54) should migrate: false - up
[2024-08-23 08:30:51.779] [info]  Migrator MoveMasterKeyStateToProviderMigrator (to version 55) should migrate: false - up
[2024-08-23 08:30:51.780] [info]  Migrator AuthRequestMigrator (to version 56) should migrate: false - up
[2024-08-23 08:30:51.781] [info]  Migrator CipherServiceMigrator (to version 57) should migrate: false - up
[2024-08-23 08:30:51.782] [info]  Migrator RemoveRefreshTokenMigratedFlagMigrator (to version 58) should migrate: false - up
[2024-08-23 08:30:51.783] [info]  Migrator KdfConfigMigrator (to version 59) should migrate: false - up
[2024-08-23 08:30:51.784] [info]  Migrator KnownAccountsMigrator (to version 60) should migrate: false - up
[2024-08-23 08:30:51.785] [info]  Migrator PinStateMigrator (to version 61) should migrate: false - up
[2024-08-23 08:30:51.786] [info]  Migrator VaultTimeoutSettingsServiceStateProviderMigrator (to version 62) should migrate: false - up
[2024-08-23 08:30:51.786] [info]  Migrator PasswordOptionsMigrator (to version 63) should migrate: false - up
[2024-08-23 08:30:51.787] [info]  Migrator GeneratorHistoryMigrator (to version 64) should migrate: false - up
[2024-08-23 08:30:51.788] [info]  Migrator ForwarderOptionsMigrator (to version 65) should migrate: false - up
[2024-08-23 08:30:56.012] [info]  State version: 65
[2024-08-23 08:31:00.327] [info]  Finished search indexing
[2024-08-23 08:31:01.636] [info]  Finished search indexing
[2024-08-23 09:09:23.008] [error] TypeError: Object has been destroyed
    at WindowMain.<anonymous> (/usr/lib/bitwarden/app.asar/main.js:89991:36)
    at Generator.next (<anonymous>)
    at /usr/lib/bitwarden/app.asar/main.js:89753:71
    at new Promise (<anonymous>)
    at window_main_awaiter (/usr/lib/bitwarden/app.asar/main.js:89749:12)
    at WindowMain.updateWindowState (/usr/lib/bitwarden/app.asar/main.js:89986:16)
    at WindowMain.<anonymous> (/usr/lib/bitwarden/app.asar/main.js:89921:28)
    at Generator.next (<anonymous>)
    at /usr/lib/bitwarden/app.asar/main.js:89753:71
    at new Promise (<anonymous>)
[2024-08-23 09:09:28.636] [info]  State version: 65
[2024-08-23 09:09:28.657] [info]  Migrator MinVersionMigrator (to version 3) should migrate: false - up
[2024-08-23 09:09:28.659] [info]  Migrator RemoveEverBeenUnlockedMigrator (to version 4) should migrate: false - up
[2024-08-23 09:09:28.660] [info]  Migrator AddKeyTypeToOrgKeysMigrator (to version 5) should migrate: false - up
[2024-08-23 09:09:28.662] [info]  Migrator RemoveLegacyEtmKeyMigrator (to version 6) should migrate: false - up
[2024-08-23 09:09:28.663] [info]  Migrator MoveBiometricAutoPromptToAccount (to version 7) should migrate: false - up
[2024-08-23 09:09:28.664] [info]  Migrator MoveStateVersionMigrator (to version 8) should migrate: false - up
[2024-08-23 09:09:28.665] [info]  Migrator MoveBrowserSettingsToGlobal (to version 9) should migrate: false - up
[2024-08-23 09:09:28.667] [info]  Migrator EverHadUserKeyMigrator (to version 10) should migrate: false - up
[2024-08-23 09:09:28.668] [info]  Migrator OrganizationKeyMigrator (to version 11) should migrate: false - up
[2024-08-23 09:09:28.669] [info]  Migrator MoveEnvironmentStateToProviders (to version 12) should migrate: false - up
[2024-08-23 09:09:28.670] [info]  Migrator ProviderKeyMigrator (to version 13) should migrate: false - up
[2024-08-23 09:09:28.671] [info]  Migrator MoveBiometricClientKeyHalfToStateProviders (to version 14) should migrate: false - up
[2024-08-23 09:09:28.672] [info]  Migrator FolderMigrator (to version 15) should migrate: false - up
[2024-08-23 09:09:28.673] [info]  Migrator LastSyncMigrator (to version 16) should migrate: false - up
[2024-08-23 09:09:28.674] [info]  Migrator EnablePasskeysMigrator (to version 17) should migrate: false - up
[2024-08-23 09:09:28.674] [info]  Migrator AutofillSettingsKeyMigrator (to version 18) should migrate: false - up
[2024-08-23 09:09:28.675] [info]  Migrator RequirePasswordOnStartMigrator (to version 19) should migrate: false - up
[2024-08-23 09:09:28.676] [info]  Migrator PrivateKeyMigrator (to version 20) should migrate: false - up
[2024-08-23 09:09:28.677] [info]  Migrator CollectionMigrator (to version 21) should migrate: false - up
[2024-08-23 09:09:28.678] [info]  Migrator CollapsedGroupingsMigrator (to version 22) should migrate: false - up
[2024-08-23 09:09:28.678] [info]  Migrator MoveBiometricPromptsToStateProviders (to version 23) should migrate: false - up
[2024-08-23 09:09:28.679] [info]  Migrator SmOnboardingTasksMigrator (to version 24) should migrate: false - up
[2024-08-23 09:09:28.680] [info]  Migrator ClearClipboardDelayMigrator (to version 25) should migrate: false - up
[2024-08-23 09:09:28.681] [info]  Migrator RevertLastSyncMigrator (to version 26) should migrate: false - up
[2024-08-23 09:09:28.682] [info]  Migrator BadgeSettingsMigrator (to version 27) should migrate: false - up
[2024-08-23 09:09:28.682] [info]  Migrator MoveBiometricUnlockToStateProviders (to version 28) should migrate: false - up
[2024-08-23 09:09:28.683] [info]  Migrator UserNotificationSettingsKeyMigrator (to version 29) should migrate: false - up
[2024-08-23 09:09:28.684] [info]  Migrator PolicyMigrator (to version 30) should migrate: false - up
[2024-08-23 09:09:28.684] [info]  Migrator EnableContextMenuMigrator (to version 31) should migrate: false - up
[2024-08-23 09:09:28.685] [info]  Migrator PreferredLanguageMigrator (to version 32) should migrate: false - up
[2024-08-23 09:09:28.686] [info]  Migrator AppIdMigrator (to version 33) should migrate: false - up
[2024-08-23 09:09:28.687] [info]  Migrator DomainSettingsMigrator (to version 34) should migrate: false - up
[2024-08-23 09:09:28.687] [info]  Migrator MoveThemeToStateProviderMigrator (to version 35) should migrate: false - up
[2024-08-23 09:09:28.688] [info]  Migrator VaultSettingsKeyMigrator (to version 36) should migrate: false - up
[2024-08-23 09:09:28.689] [info]  Migrator AvatarColorMigrator (to version 37) should migrate: false - up
[2024-08-23 09:09:28.689] [info]  Migrator TokenServiceStateProviderMigrator (to version 38) should migrate: false - up
[2024-08-23 09:09:28.690] [info]  Migrator MoveBillingAccountProfileMigrator (to version 39) should migrate: false - up
[2024-08-23 09:09:28.691] [info]  Migrator OrganizationMigrator (to version 40) should migrate: false - up
[2024-08-23 09:09:28.692] [info]  Migrator EventCollectionMigrator (to version 41) should migrate: false - up
[2024-08-23 09:09:28.692] [info]  Migrator EnableFaviconMigrator (to version 42) should migrate: false - up
[2024-08-23 09:09:28.693] [info]  Migrator AutoConfirmFingerPrintsMigrator (to version 43) should migrate: false - up
[2024-08-23 09:09:28.694] [info]  Migrator UserDecryptionOptionsMigrator (to version 44) should migrate: false - up
[2024-08-23 09:09:28.694] [info]  Migrator MergeEnvironmentState (to version 45) should migrate: false - up
[2024-08-23 09:09:28.695] [info]  Migrator DeleteBiometricPromptCancelledData (to version 46) should migrate: false - up
[2024-08-23 09:09:28.696] [info]  Migrator MoveDesktopSettingsMigrator (to version 47) should migrate: false - up
[2024-08-23 09:09:28.696] [info]  Migrator MoveDdgToStateProviderMigrator (to version 48) should migrate: false - up
[2024-08-23 09:09:28.697] [info]  Migrator AccountServerConfigMigrator (to version 49) should migrate: false - up
[2024-08-23 09:09:28.698] [info]  Migrator KeyConnectorMigrator (to version 50) should migrate: false - up
[2024-08-23 09:09:28.698] [info]  Migrator RememberedEmailMigrator (to version 51) should migrate: false - up
[2024-08-23 09:09:28.699] [info]  Migrator DeleteInstalledVersion (to version 52) should migrate: false - up
[2024-08-23 09:09:28.700] [info]  Migrator DeviceTrustServiceStateProviderMigrator (to version 53) should migrate: false - up
[2024-08-23 09:09:28.701] [info]  Migrator SendMigrator (to version 54) should migrate: false - up
[2024-08-23 09:09:28.701] [info]  Migrator MoveMasterKeyStateToProviderMigrator (to version 55) should migrate: false - up
[2024-08-23 09:09:28.702] [info]  Migrator AuthRequestMigrator (to version 56) should migrate: false - up
[2024-08-23 09:09:28.703] [info]  Migrator CipherServiceMigrator (to version 57) should migrate: false - up
[2024-08-23 09:09:28.704] [info]  Migrator RemoveRefreshTokenMigratedFlagMigrator (to version 58) should migrate: false - up
[2024-08-23 09:09:28.704] [info]  Migrator KdfConfigMigrator (to version 59) should migrate: false - up
[2024-08-23 09:09:28.705] [info]  Migrator KnownAccountsMigrator (to version 60) should migrate: false - up
[2024-08-23 09:09:28.706] [info]  Migrator PinStateMigrator (to version 61) should migrate: false - up
[2024-08-23 09:09:28.707] [info]  Migrator VaultTimeoutSettingsServiceStateProviderMigrator (to version 62) should migrate: false - up
[2024-08-23 09:09:28.707] [info]  Migrator PasswordOptionsMigrator (to version 63) should migrate: false - up
[2024-08-23 09:09:28.708] [info]  Migrator GeneratorHistoryMigrator (to version 64) should migrate: false - up
[2024-08-23 09:09:28.709] [info]  Migrator ForwarderOptionsMigrator (to version 65) should migrate: false - up
[2024-08-23 09:09:32.836] [info]  State version: 65
[2024-08-23 09:09:34.596] [info]  Finished search indexing
[2024-08-23 09:09:35.809] [info]  Finished search indexing
[2024-08-23 09:09:57.234] [error] TypeError: Object has been destroyed
    at WindowMain.<anonymous> (/usr/lib/bitwarden/app.asar/main.js:89991:36)
    at Generator.next (<anonymous>)
    at /usr/lib/bitwarden/app.asar/main.js:89753:71
    at new Promise (<anonymous>)
    at window_main_awaiter (/usr/lib/bitwarden/app.asar/main.js:89749:12)
    at WindowMain.updateWindowState (/usr/lib/bitwarden/app.asar/main.js:89986:16)
    at WindowMain.<anonymous> (/usr/lib/bitwarden/app.asar/main.js:89921:28)
    at Generator.next (<anonymous>)
    at /usr/lib/bitwarden/app.asar/main.js:89753:71
    at new Promise (<anonymous>)
[2024-08-23 09:10:02.192] [info]  State version: 65
[2024-08-23 09:10:02.213] [info]  Migrator MinVersionMigrator (to version 3) should migrate: false - up
[2024-08-23 09:10:02.215] [info]  Migrator RemoveEverBeenUnlockedMigrator (to version 4) should migrate: false - up
[2024-08-23 09:10:02.217] [info]  Migrator AddKeyTypeToOrgKeysMigrator (to version 5) should migrate: false - up
[2024-08-23 09:10:02.218] [info]  Migrator RemoveLegacyEtmKeyMigrator (to version 6) should migrate: false - up
[2024-08-23 09:10:02.219] [info]  Migrator MoveBiometricAutoPromptToAccount (to version 7) should migrate: false - up
[2024-08-23 09:10:02.220] [info]  Migrator MoveStateVersionMigrator (to version 8) should migrate: false - up
[2024-08-23 09:10:02.221] [info]  Migrator MoveBrowserSettingsToGlobal (to version 9) should migrate: false - up
[2024-08-23 09:10:02.223] [info]  Migrator EverHadUserKeyMigrator (to version 10) should migrate: false - up
[2024-08-23 09:10:02.224] [info]  Migrator OrganizationKeyMigrator (to version 11) should migrate: false - up
[2024-08-23 09:10:02.225] [info]  Migrator MoveEnvironmentStateToProviders (to version 12) should migrate: false - up
[2024-08-23 09:10:02.227] [info]  Migrator ProviderKeyMigrator (to version 13) should migrate: false - up
[2024-08-23 09:10:02.227] [info]  Migrator MoveBiometricClientKeyHalfToStateProviders (to version 14) should migrate: false - up
[2024-08-23 09:10:02.228] [info]  Migrator FolderMigrator (to version 15) should migrate: false - up
[2024-08-23 09:10:02.229] [info]  Migrator LastSyncMigrator (to version 16) should migrate: false - up
[2024-08-23 09:10:02.230] [info]  Migrator EnablePasskeysMigrator (to version 17) should migrate: false - up
[2024-08-23 09:10:02.230] [info]  Migrator AutofillSettingsKeyMigrator (to version 18) should migrate: false - up
[2024-08-23 09:10:02.231] [info]  Migrator RequirePasswordOnStartMigrator (to version 19) should migrate: false - up
[2024-08-23 09:10:02.232] [info]  Migrator PrivateKeyMigrator (to version 20) should migrate: false - up
[2024-08-23 09:10:02.233] [info]  Migrator CollectionMigrator (to version 21) should migrate: false - up
[2024-08-23 09:10:02.233] [info]  Migrator CollapsedGroupingsMigrator (to version 22) should migrate: false - up
[2024-08-23 09:10:02.234] [info]  Migrator MoveBiometricPromptsToStateProviders (to version 23) should migrate: false - up
[2024-08-23 09:10:02.235] [info]  Migrator SmOnboardingTasksMigrator (to version 24) should migrate: false - up
[2024-08-23 09:10:02.236] [info]  Migrator ClearClipboardDelayMigrator (to version 25) should migrate: false - up
[2024-08-23 09:10:02.237] [info]  Migrator RevertLastSyncMigrator (to version 26) should migrate: false - up
[2024-08-23 09:10:02.237] [info]  Migrator BadgeSettingsMigrator (to version 27) should migrate: false - up
[2024-08-23 09:10:02.238] [info]  Migrator MoveBiometricUnlockToStateProviders (to version 28) should migrate: false - up
[2024-08-23 09:10:02.239] [info]  Migrator UserNotificationSettingsKeyMigrator (to version 29) should migrate: false - up
[2024-08-23 09:10:02.239] [info]  Migrator PolicyMigrator (to version 30) should migrate: false - up
[2024-08-23 09:10:02.240] [info]  Migrator EnableContextMenuMigrator (to version 31) should migrate: false - up
[2024-08-23 09:10:02.241] [info]  Migrator PreferredLanguageMigrator (to version 32) should migrate: false - up
[2024-08-23 09:10:02.241] [info]  Migrator AppIdMigrator (to version 33) should migrate: false - up
[2024-08-23 09:10:02.242] [info]  Migrator DomainSettingsMigrator (to version 34) should migrate: false - up
[2024-08-23 09:10:02.243] [info]  Migrator MoveThemeToStateProviderMigrator (to version 35) should migrate: false - up
[2024-08-23 09:10:02.243] [info]  Migrator VaultSettingsKeyMigrator (to version 36) should migrate: false - up
[2024-08-23 09:10:02.244] [info]  Migrator AvatarColorMigrator (to version 37) should migrate: false - up
[2024-08-23 09:10:02.245] [info]  Migrator TokenServiceStateProviderMigrator (to version 38) should migrate: false - up
[2024-08-23 09:10:02.246] [info]  Migrator MoveBillingAccountProfileMigrator (to version 39) should migrate: false - up
[2024-08-23 09:10:02.246] [info]  Migrator OrganizationMigrator (to version 40) should migrate: false - up
[2024-08-23 09:10:02.247] [info]  Migrator EventCollectionMigrator (to version 41) should migrate: false - up
[2024-08-23 09:10:02.248] [info]  Migrator EnableFaviconMigrator (to version 42) should migrate: false - up
[2024-08-23 09:10:02.248] [info]  Migrator AutoConfirmFingerPrintsMigrator (to version 43) should migrate: false - up
[2024-08-23 09:10:02.249] [info]  Migrator UserDecryptionOptionsMigrator (to version 44) should migrate: false - up
[2024-08-23 09:10:02.250] [info]  Migrator MergeEnvironmentState (to version 45) should migrate: false - up
[2024-08-23 09:10:02.250] [info]  Migrator DeleteBiometricPromptCancelledData (to version 46) should migrate: false - up
[2024-08-23 09:10:02.251] [info]  Migrator MoveDesktopSettingsMigrator (to version 47) should migrate: false - up
[2024-08-23 09:10:02.252] [info]  Migrator MoveDdgToStateProviderMigrator (to version 48) should migrate: false - up
[2024-08-23 09:10:02.252] [info]  Migrator AccountServerConfigMigrator (to version 49) should migrate: false - up
[2024-08-23 09:10:02.253] [info]  Migrator KeyConnectorMigrator (to version 50) should migrate: false - up
[2024-08-23 09:10:02.254] [info]  Migrator RememberedEmailMigrator (to version 51) should migrate: false - up
[2024-08-23 09:10:02.255] [info]  Migrator DeleteInstalledVersion (to version 52) should migrate: false - up
[2024-08-23 09:10:02.255] [info]  Migrator DeviceTrustServiceStateProviderMigrator (to version 53) should migrate: false - up
[2024-08-23 09:10:02.256] [info]  Migrator SendMigrator (to version 54) should migrate: false - up
[2024-08-23 09:10:02.257] [info]  Migrator MoveMasterKeyStateToProviderMigrator (to version 55) should migrate: false - up
[2024-08-23 09:10:02.258] [info]  Migrator AuthRequestMigrator (to version 56) should migrate: false - up
[2024-08-23 09:10:02.258] [info]  Migrator CipherServiceMigrator (to version 57) should migrate: false - up
[2024-08-23 09:10:02.259] [info]  Migrator RemoveRefreshTokenMigratedFlagMigrator (to version 58) should migrate: false - up
[2024-08-23 09:10:02.260] [info]  Migrator KdfConfigMigrator (to version 59) should migrate: false - up
[2024-08-23 09:10:02.261] [info]  Migrator KnownAccountsMigrator (to version 60) should migrate: false - up
[2024-08-23 09:10:02.261] [info]  Migrator PinStateMigrator (to version 61) should migrate: false - up
[2024-08-23 09:10:02.262] [info]  Migrator VaultTimeoutSettingsServiceStateProviderMigrator (to version 62) should migrate: false - up
[2024-08-23 09:10:02.263] [info]  Migrator PasswordOptionsMigrator (to version 63) should migrate: false - up
[2024-08-23 09:10:02.264] [info]  Migrator GeneratorHistoryMigrator (to version 64) should migrate: false - up
[2024-08-23 09:10:02.264] [info]  Migrator ForwarderOptionsMigrator (to version 65) should migrate: false - up
[2024-08-23 09:10:06.251] [info]  State version: 65
[2024-08-23 09:10:07.959] [info]  Finished search indexing
[2024-08-23 09:10:09.242] [info]  Finished search indexing
[2024-08-23 09:10:13.781] [error] TypeError: Object has been destroyed
    at WindowMain.<anonymous> (/usr/lib/bitwarden/app.asar/main.js:89991:36)
    at Generator.next (<anonymous>)
    at /usr/lib/bitwarden/app.asar/main.js:89753:71
    at new Promise (<anonymous>)
    at window_main_awaiter (/usr/lib/bitwarden/app.asar/main.js:89749:12)
    at WindowMain.updateWindowState (/usr/lib/bitwarden/app.asar/main.js:89986:16)
    at WindowMain.<anonymous> (/usr/lib/bitwarden/app.asar/main.js:89921:28)
    at Generator.next (<anonymous>)
    at /usr/lib/bitwarden/app.asar/main.js:89753:71
    at new Promise (<anonymous>)
[2024-08-26 20:14:29.289] [info]  State version: 65
[2024-08-26 20:14:29.313] [info]  Migrator MinVersionMigrator (to version 3) should migrate: false - up
[2024-08-26 20:14:29.315] [info]  Migrator RemoveEverBeenUnlockedMigrator (to version 4) should migrate: false - up
[2024-08-26 20:14:29.317] [info]  Migrator AddKeyTypeToOrgKeysMigrator (to version 5) should migrate: false - up
[2024-08-26 20:14:29.318] [info]  Migrator RemoveLegacyEtmKeyMigrator (to version 6) should migrate: false - up
[2024-08-26 20:14:29.320] [info]  Migrator MoveBiometricAutoPromptToAccount (to version 7) should migrate: false - up
[2024-08-26 20:14:29.321] [info]  Migrator MoveStateVersionMigrator (to version 8) should migrate: false - up
[2024-08-26 20:14:29.322] [info]  Migrator MoveBrowserSettingsToGlobal (to version 9) should migrate: false - up
[2024-08-26 20:14:29.323] [info]  Migrator EverHadUserKeyMigrator (to version 10) should migrate: false - up
[2024-08-26 20:14:29.325] [info]  Migrator OrganizationKeyMigrator (to version 11) should migrate: false - up
[2024-08-26 20:14:29.326] [info]  Migrator MoveEnvironmentStateToProviders (to version 12) should migrate: false - up
[2024-08-26 20:14:29.327] [info]  Migrator ProviderKeyMigrator (to version 13) should migrate: false - up
[2024-08-26 20:14:29.328] [info]  Migrator MoveBiometricClientKeyHalfToStateProviders (to version 14) should migrate: false - up
[2024-08-26 20:14:29.329] [info]  Migrator FolderMigrator (to version 15) should migrate: false - up
[2024-08-26 20:14:29.330] [info]  Migrator LastSyncMigrator (to version 16) should migrate: false - up
[2024-08-26 20:14:29.331] [info]  Migrator EnablePasskeysMigrator (to version 17) should migrate: false - up
[2024-08-26 20:14:29.331] [info]  Migrator AutofillSettingsKeyMigrator (to version 18) should migrate: false - up
[2024-08-26 20:14:29.332] [info]  Migrator RequirePasswordOnStartMigrator (to version 19) should migrate: false - up
[2024-08-26 20:14:29.333] [info]  Migrator PrivateKeyMigrator (to version 20) should migrate: false - up
[2024-08-26 20:14:29.334] [info]  Migrator CollectionMigrator (to version 21) should migrate: false - up
[2024-08-26 20:14:29.334] [info]  Migrator CollapsedGroupingsMigrator (to version 22) should migrate: false - up
[2024-08-26 20:14:29.335] [info]  Migrator MoveBiometricPromptsToStateProviders (to version 23) should migrate: false - up
[2024-08-26 20:14:29.336] [info]  Migrator SmOnboardingTasksMigrator (to version 24) should migrate: false - up
[2024-08-26 20:14:29.337] [info]  Migrator ClearClipboardDelayMigrator (to version 25) should migrate: false - up
[2024-08-26 20:14:29.338] [info]  Migrator RevertLastSyncMigrator (to version 26) should migrate: false - up
[2024-08-26 20:14:29.339] [info]  Migrator BadgeSettingsMigrator (to version 27) should migrate: false - up
[2024-08-26 20:14:29.339] [info]  Migrator MoveBiometricUnlockToStateProviders (to version 28) should migrate: false - up
[2024-08-26 20:14:29.340] [info]  Migrator UserNotificationSettingsKeyMigrator (to version 29) should migrate: false - up
[2024-08-26 20:14:29.341] [info]  Migrator PolicyMigrator (to version 30) should migrate: false - up
[2024-08-26 20:14:29.342] [info]  Migrator EnableContextMenuMigrator (to version 31) should migrate: false - up
[2024-08-26 20:14:29.342] [info]  Migrator PreferredLanguageMigrator (to version 32) should migrate: false - up
[2024-08-26 20:14:29.343] [info]  Migrator AppIdMigrator (to version 33) should migrate: false - up
[2024-08-26 20:14:29.344] [info]  Migrator DomainSettingsMigrator (to version 34) should migrate: false - up
[2024-08-26 20:14:29.344] [info]  Migrator MoveThemeToStateProviderMigrator (to version 35) should migrate: false - up
[2024-08-26 20:14:29.345] [info]  Migrator VaultSettingsKeyMigrator (to version 36) should migrate: false - up
[2024-08-26 20:14:29.346] [info]  Migrator AvatarColorMigrator (to version 37) should migrate: false - up
[2024-08-26 20:14:29.346] [info]  Migrator TokenServiceStateProviderMigrator (to version 38) should migrate: false - up
[2024-08-26 20:14:29.347] [info]  Migrator MoveBillingAccountProfileMigrator (to version 39) should migrate: false - up
[2024-08-26 20:14:29.348] [info]  Migrator OrganizationMigrator (to version 40) should migrate: false - up
[2024-08-26 20:14:29.349] [info]  Migrator EventCollectionMigrator (to version 41) should migrate: false - up
[2024-08-26 20:14:29.350] [info]  Migrator EnableFaviconMigrator (to version 42) should migrate: false - up
[2024-08-26 20:14:29.350] [info]  Migrator AutoConfirmFingerPrintsMigrator (to version 43) should migrate: false - up
[2024-08-26 20:14:29.351] [info]  Migrator UserDecryptionOptionsMigrator (to version 44) should migrate: false - up
[2024-08-26 20:14:29.352] [info]  Migrator MergeEnvironmentState (to version 45) should migrate: false - up
[2024-08-26 20:14:29.352] [info]  Migrator DeleteBiometricPromptCancelledData (to version 46) should migrate: false - up
[2024-08-26 20:14:29.353] [info]  Migrator MoveDesktopSettingsMigrator (to version 47) should migrate: false - up
[2024-08-26 20:14:29.354] [info]  Migrator MoveDdgToStateProviderMigrator (to version 48) should migrate: false - up
[2024-08-26 20:14:29.354] [info]  Migrator AccountServerConfigMigrator (to version 49) should migrate: false - up
[2024-08-26 20:14:29.355] [info]  Migrator KeyConnectorMigrator (to version 50) should migrate: false - up
[2024-08-26 20:14:29.356] [info]  Migrator RememberedEmailMigrator (to version 51) should migrate: false - up
[2024-08-26 20:14:29.357] [info]  Migrator DeleteInstalledVersion (to version 52) should migrate: false - up
[2024-08-26 20:14:29.358] [info]  Migrator DeviceTrustServiceStateProviderMigrator (to version 53) should migrate: false - up
[2024-08-26 20:14:29.358] [info]  Migrator SendMigrator (to version 54) should migrate: false - up
[2024-08-26 20:14:29.359] [info]  Migrator MoveMasterKeyStateToProviderMigrator (to version 55) should migrate: false - up
[2024-08-26 20:14:29.360] [info]  Migrator AuthRequestMigrator (to version 56) should migrate: false - up
[2024-08-26 20:14:29.361] [info]  Migrator CipherServiceMigrator (to version 57) should migrate: false - up
[2024-08-26 20:14:29.361] [info]  Migrator RemoveRefreshTokenMigratedFlagMigrator (to version 58) should migrate: false - up
[2024-08-26 20:14:29.362] [info]  Migrator KdfConfigMigrator (to version 59) should migrate: false - up
[2024-08-26 20:14:29.363] [info]  Migrator KnownAccountsMigrator (to version 60) should migrate: false - up
[2024-08-26 20:14:29.364] [info]  Migrator PinStateMigrator (to version 61) should migrate: false - up
[2024-08-26 20:14:29.365] [info]  Migrator VaultTimeoutSettingsServiceStateProviderMigrator (to version 62) should migrate: false - up
[2024-08-26 20:14:29.366] [info]  Migrator PasswordOptionsMigrator (to version 63) should migrate: false - up
[2024-08-26 20:14:29.366] [info]  Migrator GeneratorHistoryMigrator (to version 64) should migrate: false - up
[2024-08-26 20:14:29.367] [info]  Migrator ForwarderOptionsMigrator (to version 65) should migrate: false - up
[2024-08-26 20:14:33.112] [info]  State version: 65
[2024-08-26 20:14:42.097] [info]  Finished search indexing
[2024-08-26 20:14:43.432] [info]  Finished search indexing
[2024-08-26 20:17:41.271] [error] TypeError: Object has been destroyed
    at WindowMain.<anonymous> (/usr/lib/bitwarden/app.asar/main.js:89991:36)
    at Generator.next (<anonymous>)
    at /usr/lib/bitwarden/app.asar/main.js:89753:71
    at new Promise (<anonymous>)
    at window_main_awaiter (/usr/lib/bitwarden/app.asar/main.js:89749:12)
    at WindowMain.updateWindowState (/usr/lib/bitwarden/app.asar/main.js:89986:16)
    at WindowMain.<anonymous> (/usr/lib/bitwarden/app.asar/main.js:89921:28)
    at Generator.next (<anonymous>)
    at /usr/lib/bitwarden/app.asar/main.js:89753:71
    at new Promise (<anonymous>)
[2024-08-27 20:34:16.675] [info]  State version: 65
[2024-08-27 20:34:16.702] [info]  Migrator MinVersionMigrator (to version 3) should migrate: false - up
[2024-08-27 20:34:16.705] [info]  Migrator RemoveEverBeenUnlockedMigrator (to version 4) should migrate: false - up
[2024-08-27 20:34:16.706] [info]  Migrator AddKeyTypeToOrgKeysMigrator (to version 5) should migrate: false - up
[2024-08-27 20:34:16.708] [info]  Migrator RemoveLegacyEtmKeyMigrator (to version 6) should migrate: false - up
[2024-08-27 20:34:16.709] [info]  Migrator MoveBiometricAutoPromptToAccount (to version 7) should migrate: false - up
[2024-08-27 20:34:16.710] [info]  Migrator MoveStateVersionMigrator (to version 8) should migrate: false - up
[2024-08-27 20:34:16.711] [info]  Migrator MoveBrowserSettingsToGlobal (to version 9) should migrate: false - up
[2024-08-27 20:34:16.712] [info]  Migrator EverHadUserKeyMigrator (to version 10) should migrate: false - up
[2024-08-27 20:34:16.714] [info]  Migrator OrganizationKeyMigrator (to version 11) should migrate: false - up
[2024-08-27 20:34:16.715] [info]  Migrator MoveEnvironmentStateToProviders (to version 12) should migrate: false - up
[2024-08-27 20:34:16.716] [info]  Migrator ProviderKeyMigrator (to version 13) should migrate: false - up
[2024-08-27 20:34:16.717] [info]  Migrator MoveBiometricClientKeyHalfToStateProviders (to version 14) should migrate: false - up
[2024-08-27 20:34:16.718] [info]  Migrator FolderMigrator (to version 15) should migrate: false - up
[2024-08-27 20:34:16.719] [info]  Migrator LastSyncMigrator (to version 16) should migrate: false - up
[2024-08-27 20:34:16.720] [info]  Migrator EnablePasskeysMigrator (to version 17) should migrate: false - up
[2024-08-27 20:34:16.720] [info]  Migrator AutofillSettingsKeyMigrator (to version 18) should migrate: false - up
[2024-08-27 20:34:16.721] [info]  Migrator RequirePasswordOnStartMigrator (to version 19) should migrate: false - up
[2024-08-27 20:34:16.722] [info]  Migrator PrivateKeyMigrator (to version 20) should migrate: false - up
[2024-08-27 20:34:16.723] [info]  Migrator CollectionMigrator (to version 21) should migrate: false - up
[2024-08-27 20:34:16.723] [info]  Migrator CollapsedGroupingsMigrator (to version 22) should migrate: false - up
[2024-08-27 20:34:16.724] [info]  Migrator MoveBiometricPromptsToStateProviders (to version 23) should migrate: false - up
[2024-08-27 20:34:16.725] [info]  Migrator SmOnboardingTasksMigrator (to version 24) should migrate: false - up
[2024-08-27 20:34:16.726] [info]  Migrator ClearClipboardDelayMigrator (to version 25) should migrate: false - up
[2024-08-27 20:34:16.727] [info]  Migrator RevertLastSyncMigrator (to version 26) should migrate: false - up
[2024-08-27 20:34:16.727] [info]  Migrator BadgeSettingsMigrator (to version 27) should migrate: false - up
[2024-08-27 20:34:16.728] [info]  Migrator MoveBiometricUnlockToStateProviders (to version 28) should migrate: false - up
[2024-08-27 20:34:16.729] [info]  Migrator UserNotificationSettingsKeyMigrator (to version 29) should migrate: false - up
[2024-08-27 20:34:16.729] [info]  Migrator PolicyMigrator (to version 30) should migrate: false - up
[2024-08-27 20:34:16.730] [info]  Migrator EnableContextMenuMigrator (to version 31) should migrate: false - up
[2024-08-27 20:34:16.731] [info]  Migrator PreferredLanguageMigrator (to version 32) should migrate: false - up
[2024-08-27 20:34:16.732] [info]  Migrator AppIdMigrator (to version 33) should migrate: false - up
[2024-08-27 20:34:16.732] [info]  Migrator DomainSettingsMigrator (to version 34) should migrate: false - up
[2024-08-27 20:34:16.733] [info]  Migrator MoveThemeToStateProviderMigrator (to version 35) should migrate: false - up
[2024-08-27 20:34:16.733] [info]  Migrator VaultSettingsKeyMigrator (to version 36) should migrate: false - up
[2024-08-27 20:34:16.734] [info]  Migrator AvatarColorMigrator (to version 37) should migrate: false - up
[2024-08-27 20:34:16.735] [info]  Migrator TokenServiceStateProviderMigrator (to version 38) should migrate: false - up
[2024-08-27 20:34:16.735] [info]  Migrator MoveBillingAccountProfileMigrator (to version 39) should migrate: false - up
[2024-08-27 20:34:16.736] [info]  Migrator OrganizationMigrator (to version 40) should migrate: false - up
[2024-08-27 20:34:16.737] [info]  Migrator EventCollectionMigrator (to version 41) should migrate: false - up
[2024-08-27 20:34:16.738] [info]  Migrator EnableFaviconMigrator (to version 42) should migrate: false - up
[2024-08-27 20:34:16.738] [info]  Migrator AutoConfirmFingerPrintsMigrator (to version 43) should migrate: false - up
[2024-08-27 20:34:16.739] [info]  Migrator UserDecryptionOptionsMigrator (to version 44) should migrate: false - up
[2024-08-27 20:34:16.739] [info]  Migrator MergeEnvironmentState (to version 45) should migrate: false - up
[2024-08-27 20:34:16.740] [info]  Migrator DeleteBiometricPromptCancelledData (to version 46) should migrate: false - up
[2024-08-27 20:34:16.741] [info]  Migrator MoveDesktopSettingsMigrator (to version 47) should migrate: false - up
[2024-08-27 20:34:16.741] [info]  Migrator MoveDdgToStateProviderMigrator (to version 48) should migrate: false - up
[2024-08-27 20:34:16.742] [info]  Migrator AccountServerConfigMigrator (to version 49) should migrate: false - up
[2024-08-27 20:34:16.743] [info]  Migrator KeyConnectorMigrator (to version 50) should migrate: false - up
[2024-08-27 20:34:16.743] [info]  Migrator RememberedEmailMigrator (to version 51) should migrate: false - up
[2024-08-27 20:34:16.744] [info]  Migrator DeleteInstalledVersion (to version 52) should migrate: false - up
[2024-08-27 20:34:16.745] [info]  Migrator DeviceTrustServiceStateProviderMigrator (to version 53) should migrate: false - up
[2024-08-27 20:34:16.745] [info]  Migrator SendMigrator (to version 54) should migrate: false - up
[2024-08-27 20:34:16.746] [info]  Migrator MoveMasterKeyStateToProviderMigrator (to version 55) should migrate: false - up
[2024-08-27 20:34:16.746] [info]  Migrator AuthRequestMigrator (to version 56) should migrate: false - up
[2024-08-27 20:34:16.747] [info]  Migrator CipherServiceMigrator (to version 57) should migrate: false - up
[2024-08-27 20:34:16.747] [info]  Migrator RemoveRefreshTokenMigratedFlagMigrator (to version 58) should migrate: false - up
[2024-08-27 20:34:16.748] [info]  Migrator KdfConfigMigrator (to version 59) should migrate: false - up
[2024-08-27 20:34:16.749] [info]  Migrator KnownAccountsMigrator (to version 60) should migrate: false - up
[2024-08-27 20:34:16.749] [info]  Migrator PinStateMigrator (to version 61) should migrate: false - up
[2024-08-27 20:34:16.750] [info]  Migrator VaultTimeoutSettingsServiceStateProviderMigrator (to version 62) should migrate: false - up
[2024-08-27 20:34:16.750] [info]  Migrator PasswordOptionsMigrator (to version 63) should migrate: false - up
[2024-08-27 20:34:16.751] [info]  Migrator GeneratorHistoryMigrator (to version 64) should migrate: false - up
[2024-08-27 20:34:16.752] [info]  Migrator ForwarderOptionsMigrator (to version 65) should migrate: false - up
[2024-08-27 20:34:16.752] [info]  Migrator MoveFinalDesktopSettingsMigrator (to version 66) should migrate: true - up
[2024-08-27 20:34:16.760] [info]  Migrator MoveFinalDesktopSettingsMigrator (to version 66) migrated - up
[2024-08-27 20:34:16.762] [info]  Setting stateVersion
[2024-08-27 20:34:16.779] [info]  Migrator MoveFinalDesktopSettingsMigrator (to version 66) updated version - up
[2024-08-27 20:34:16.779] [info]  Migrator RemoveUnassignedItemsBannerDismissed (to version 67) should migrate: true - up
[2024-08-27 20:34:16.786] [info]  Removing user_50be2d9a-0e31-4854-a35d-b0cb00c29e1a_unassignedItemsBanner_showBanner
[2024-08-27 20:34:16.797] [info]  Migrator RemoveUnassignedItemsBannerDismissed (to version 67) migrated - up
[2024-08-27 20:34:16.798] [info]  Setting stateVersion
[2024-08-27 20:34:16.809] [info]  Migrator RemoveUnassignedItemsBannerDismissed (to version 67) updated version - up
[2024-08-27 20:34:16.811] [info]  Migrator MoveLastSyncDate (to version 68) should migrate: true - up
[2024-08-27 20:34:16.821] [info]  Setting user_50be2d9a-0e31-4854-a35d-b0cb00c29e1a_sync_lastSync
[2024-08-27 20:34:16.831] [info]  Setting 50be2d9a-0e31-4854-a35d-b0cb00c29e1a
[2024-08-27 20:34:16.842] [info]  Migrator MoveLastSyncDate (to version 68) migrated - up
[2024-08-27 20:34:16.843] [info]  Setting stateVersion
[2024-08-27 20:34:16.853] [info]  Migrator MoveLastSyncDate (to version 68) updated version - up
[2024-08-27 20:34:17.623] [info]  Disabling coredumps in main process
[2024-08-27 20:34:21.395] [info]  State version: 68
[2024-08-27 20:34:31.678] [info]  Starting decryption using multithreading
[2024-08-27 20:34:32.391] [info]  Finished search indexing
[2024-08-27 20:34:32.542] [info]  Starting decryption using multithreading
[2024-08-27 20:34:32.709] [info]  Finished search indexing
[2024-08-27 20:38:51.289] [error] TypeError: Object has been destroyed
    at WindowMain.<anonymous> (/usr/lib/bitwarden/app.asar/main.js:86121:36)
    at Generator.next (<anonymous>)
    at /usr/lib/bitwarden/app.asar/main.js:85852:71
    at new Promise (<anonymous>)
    at window_main_awaiter (/usr/lib/bitwarden/app.asar/main.js:85848:12)
    at WindowMain.updateWindowState (/usr/lib/bitwarden/app.asar/main.js:86116:16)
    at WindowMain.<anonymous> (/usr/lib/bitwarden/app.asar/main.js:86051:28)
    at Generator.next (<anonymous>)
    at /usr/lib/bitwarden/app.asar/main.js:85852:71
    at new Promise (<anonymous>)
[2024-08-28 15:37:06.097] [info]  State version: 68
[2024-08-28 15:37:06.124] [info]  Migrator MinVersionMigrator (to version 3) should migrate: false - up
[2024-08-28 15:37:06.126] [info]  Migrator RemoveEverBeenUnlockedMigrator (to version 4) should migrate: false - up
[2024-08-28 15:37:06.128] [info]  Migrator AddKeyTypeToOrgKeysMigrator (to version 5) should migrate: false - up
[2024-08-28 15:37:06.130] [info]  Migrator RemoveLegacyEtmKeyMigrator (to version 6) should migrate: false - up
[2024-08-28 15:37:06.132] [info]  Migrator MoveBiometricAutoPromptToAccount (to version 7) should migrate: false - up
[2024-08-28 15:37:06.133] [info]  Migrator MoveStateVersionMigrator (to version 8) should migrate: false - up
[2024-08-28 15:37:06.134] [info]  Migrator MoveBrowserSettingsToGlobal (to version 9) should migrate: false - up
[2024-08-28 15:37:06.135] [info]  Migrator EverHadUserKeyMigrator (to version 10) should migrate: false - up
[2024-08-28 15:37:06.136] [info]  Migrator OrganizationKeyMigrator (to version 11) should migrate: false - up
[2024-08-28 15:37:06.138] [info]  Migrator MoveEnvironmentStateToProviders (to version 12) should migrate: false - up
[2024-08-28 15:37:06.139] [info]  Migrator ProviderKeyMigrator (to version 13) should migrate: false - up
[2024-08-28 15:37:06.140] [info]  Migrator MoveBiometricClientKeyHalfToStateProviders (to version 14) should migrate: false - up
[2024-08-28 15:37:06.141] [info]  Migrator FolderMigrator (to version 15) should migrate: false - up
[2024-08-28 15:37:06.142] [info]  Migrator LastSyncMigrator (to version 16) should migrate: false - up
[2024-08-28 15:37:06.142] [info]  Migrator EnablePasskeysMigrator (to version 17) should migrate: false - up
[2024-08-28 15:37:06.143] [info]  Migrator AutofillSettingsKeyMigrator (to version 18) should migrate: false - up
[2024-08-28 15:37:06.144] [info]  Migrator RequirePasswordOnStartMigrator (to version 19) should migrate: false - up
[2024-08-28 15:37:06.145] [info]  Migrator PrivateKeyMigrator (to version 20) should migrate: false - up
[2024-08-28 15:37:06.146] [info]  Migrator CollectionMigrator (to version 21) should migrate: false - up
[2024-08-28 15:37:06.146] [info]  Migrator CollapsedGroupingsMigrator (to version 22) should migrate: false - up
[2024-08-28 15:37:06.147] [info]  Migrator MoveBiometricPromptsToStateProviders (to version 23) should migrate: false - up
[2024-08-28 15:37:06.148] [info]  Migrator SmOnboardingTasksMigrator (to version 24) should migrate: false - up
[2024-08-28 15:37:06.149] [info]  Migrator ClearClipboardDelayMigrator (to version 25) should migrate: false - up
[2024-08-28 15:37:06.150] [info]  Migrator RevertLastSyncMigrator (to version 26) should migrate: false - up
[2024-08-28 15:37:06.151] [info]  Migrator BadgeSettingsMigrator (to version 27) should migrate: false - up
[2024-08-28 15:37:06.151] [info]  Migrator MoveBiometricUnlockToStateProviders (to version 28) should migrate: false - up
[2024-08-28 15:37:06.152] [info]  Migrator UserNotificationSettingsKeyMigrator (to version 29) should migrate: false - up
[2024-08-28 15:37:06.152] [info]  Migrator PolicyMigrator (to version 30) should migrate: false - up
[2024-08-28 15:37:06.153] [info]  Migrator EnableContextMenuMigrator (to version 31) should migrate: false - up
[2024-08-28 15:37:06.154] [info]  Migrator PreferredLanguageMigrator (to version 32) should migrate: false - up
[2024-08-28 15:37:06.155] [info]  Migrator AppIdMigrator (to version 33) should migrate: false - up
[2024-08-28 15:37:06.155] [info]  Migrator DomainSettingsMigrator (to version 34) should migrate: false - up
[2024-08-28 15:37:06.156] [info]  Migrator MoveThemeToStateProviderMigrator (to version 35) should migrate: false - up
[2024-08-28 15:37:06.156] [info]  Migrator VaultSettingsKeyMigrator (to version 36) should migrate: false - up
[2024-08-28 15:37:06.157] [info]  Migrator AvatarColorMigrator (to version 37) should migrate: false - up
[2024-08-28 15:37:06.158] [info]  Migrator TokenServiceStateProviderMigrator (to version 38) should migrate: false - up
[2024-08-28 15:37:06.158] [info]  Migrator MoveBillingAccountProfileMigrator (to version 39) should migrate: false - up
[2024-08-28 15:37:06.159] [info]  Migrator OrganizationMigrator (to version 40) should migrate: false - up
[2024-08-28 15:37:06.160] [info]  Migrator EventCollectionMigrator (to version 41) should migrate: false - up
[2024-08-28 15:37:06.160] [info]  Migrator EnableFaviconMigrator (to version 42) should migrate: false - up
[2024-08-28 15:37:06.161] [info]  Migrator AutoConfirmFingerPrintsMigrator (to version 43) should migrate: false - up
[2024-08-28 15:37:06.162] [info]  Migrator UserDecryptionOptionsMigrator (to version 44) should migrate: false - up
[2024-08-28 15:37:06.162] [info]  Migrator MergeEnvironmentState (to version 45) should migrate: false - up
[2024-08-28 15:37:06.163] [info]  Migrator DeleteBiometricPromptCancelledData (to version 46) should migrate: false - up
[2024-08-28 15:37:06.164] [info]  Migrator MoveDesktopSettingsMigrator (to version 47) should migrate: false - up
[2024-08-28 15:37:06.164] [info]  Migrator MoveDdgToStateProviderMigrator (to version 48) should migrate: false - up
[2024-08-28 15:37:06.165] [info]  Migrator AccountServerConfigMigrator (to version 49) should migrate: false - up
[2024-08-28 15:37:06.165] [info]  Migrator KeyConnectorMigrator (to version 50) should migrate: false - up
[2024-08-28 15:37:06.166] [info]  Migrator RememberedEmailMigrator (to version 51) should migrate: false - up
[2024-08-28 15:37:06.167] [info]  Migrator DeleteInstalledVersion (to version 52) should migrate: false - up
[2024-08-28 15:37:06.168] [info]  Migrator DeviceTrustServiceStateProviderMigrator (to version 53) should migrate: false - up
[2024-08-28 15:37:06.168] [info]  Migrator SendMigrator (to version 54) should migrate: false - up
[2024-08-28 15:37:06.169] [info]  Migrator MoveMasterKeyStateToProviderMigrator (to version 55) should migrate: false - up
[2024-08-28 15:37:06.169] [info]  Migrator AuthRequestMigrator (to version 56) should migrate: false - up
[2024-08-28 15:37:06.170] [info]  Migrator CipherServiceMigrator (to version 57) should migrate: false - up
[2024-08-28 15:37:06.171] [info]  Migrator RemoveRefreshTokenMigratedFlagMigrator (to version 58) should migrate: false - up
[2024-08-28 15:37:06.171] [info]  Migrator KdfConfigMigrator (to version 59) should migrate: false - up
[2024-08-28 15:37:06.172] [info]  Migrator KnownAccountsMigrator (to version 60) should migrate: false - up
[2024-08-28 15:37:06.172] [info]  Migrator PinStateMigrator (to version 61) should migrate: false - up
[2024-08-28 15:37:06.173] [info]  Migrator VaultTimeoutSettingsServiceStateProviderMigrator (to version 62) should migrate: false - up
[2024-08-28 15:37:06.174] [info]  Migrator PasswordOptionsMigrator (to version 63) should migrate: false - up
[2024-08-28 15:37:06.174] [info]  Migrator GeneratorHistoryMigrator (to version 64) should migrate: false - up
[2024-08-28 15:37:06.175] [info]  Migrator ForwarderOptionsMigrator (to version 65) should migrate: false - up
[2024-08-28 15:37:06.176] [info]  Migrator MoveFinalDesktopSettingsMigrator (to version 66) should migrate: false - up
[2024-08-28 15:37:06.176] [info]  Migrator RemoveUnassignedItemsBannerDismissed (to version 67) should migrate: false - up
[2024-08-28 15:37:06.177] [info]  Migrator MoveLastSyncDate (to version 68) should migrate: false - up
[2024-08-28 15:37:06.841] [info]  Disabling coredumps in main process
[2024-08-28 15:37:10.196] [info]  State version: 68
[2024-08-28 15:37:12.509] [info]  Starting decryption using multithreading
[2024-08-28 15:37:13.081] [info]  Finished search indexing
[2024-08-28 15:37:44.965] [info]  Starting decryption using multithreading
[2024-08-28 15:37:45.169] [info]  Finished search indexing
[2024-08-28 15:37:46.107] [info]  Retrieving 'global_applicationId_appId' from storage, value is non-null
[2024-08-28 15:37:53.617] [error] TypeError: Object has been destroyed
    at WindowMain.<anonymous> (/usr/lib/bitwarden/app.asar/main.js:86121:36)
    at Generator.next (<anonymous>)
    at /usr/lib/bitwarden/app.asar/main.js:85852:71
    at new Promise (<anonymous>)
    at window_main_awaiter (/usr/lib/bitwarden/app.asar/main.js:85848:12)
    at WindowMain.updateWindowState (/usr/lib/bitwarden/app.asar/main.js:86116:16)
    at WindowMain.<anonymous> (/usr/lib/bitwarden/app.asar/main.js:86051:28)
    at Generator.next (<anonymous>)
    at /usr/lib/bitwarden/app.asar/main.js:85852:71
    at new Promise (<anonymous>)
[2024-08-28 21:51:34.118] [info]  State version: 68
[2024-08-28 21:51:34.144] [info]  Migrator MinVersionMigrator (to version 3) should migrate: false - up
[2024-08-28 21:51:34.146] [info]  Migrator RemoveEverBeenUnlockedMigrator (to version 4) should migrate: false - up
[2024-08-28 21:51:34.148] [info]  Migrator AddKeyTypeToOrgKeysMigrator (to version 5) should migrate: false - up
[2024-08-28 21:51:34.149] [info]  Migrator RemoveLegacyEtmKeyMigrator (to version 6) should migrate: false - up
[2024-08-28 21:51:34.150] [info]  Migrator MoveBiometricAutoPromptToAccount (to version 7) should migrate: false - up
[2024-08-28 21:51:34.151] [info]  Migrator MoveStateVersionMigrator (to version 8) should migrate: false - up
[2024-08-28 21:51:34.153] [info]  Migrator MoveBrowserSettingsToGlobal (to version 9) should migrate: false - up
[2024-08-28 21:51:34.154] [info]  Migrator EverHadUserKeyMigrator (to version 10) should migrate: false - up
[2024-08-28 21:51:34.155] [info]  Migrator OrganizationKeyMigrator (to version 11) should migrate: false - up
[2024-08-28 21:51:34.156] [info]  Migrator MoveEnvironmentStateToProviders (to version 12) should migrate: false - up
[2024-08-28 21:51:34.157] [info]  Migrator ProviderKeyMigrator (to version 13) should migrate: false - up
[2024-08-28 21:51:34.158] [info]  Migrator MoveBiometricClientKeyHalfToStateProviders (to version 14) should migrate: false - up
[2024-08-28 21:51:34.159] [info]  Migrator FolderMigrator (to version 15) should migrate: false - up
[2024-08-28 21:51:34.160] [info]  Migrator LastSyncMigrator (to version 16) should migrate: false - up
[2024-08-28 21:51:34.161] [info]  Migrator EnablePasskeysMigrator (to version 17) should migrate: false - up
[2024-08-28 21:51:34.161] [info]  Migrator AutofillSettingsKeyMigrator (to version 18) should migrate: false - up
[2024-08-28 21:51:34.162] [info]  Migrator RequirePasswordOnStartMigrator (to version 19) should migrate: false - up
[2024-08-28 21:51:34.163] [info]  Migrator PrivateKeyMigrator (to version 20) should migrate: false - up
[2024-08-28 21:51:34.163] [info]  Migrator CollectionMigrator (to version 21) should migrate: false - up
[2024-08-28 21:51:34.164] [info]  Migrator CollapsedGroupingsMigrator (to version 22) should migrate: false - up
[2024-08-28 21:51:34.165] [info]  Migrator MoveBiometricPromptsToStateProviders (to version 23) should migrate: false - up
[2024-08-28 21:51:34.166] [info]  Migrator SmOnboardingTasksMigrator (to version 24) should migrate: false - up
[2024-08-28 21:51:34.167] [info]  Migrator ClearClipboardDelayMigrator (to version 25) should migrate: false - up
[2024-08-28 21:51:34.168] [info]  Migrator RevertLastSyncMigrator (to version 26) should migrate: false - up
[2024-08-28 21:51:34.168] [info]  Migrator BadgeSettingsMigrator (to version 27) should migrate: false - up
[2024-08-28 21:51:34.169] [info]  Migrator MoveBiometricUnlockToStateProviders (to version 28) should migrate: false - up
[2024-08-28 21:51:34.169] [info]  Migrator UserNotificationSettingsKeyMigrator (to version 29) should migrate: false - up
[2024-08-28 21:51:34.170] [info]  Migrator PolicyMigrator (to version 30) should migrate: false - up
[2024-08-28 21:51:34.171] [info]  Migrator EnableContextMenuMigrator (to version 31) should migrate: false - up
[2024-08-28 21:51:34.171] [info]  Migrator PreferredLanguageMigrator (to version 32) should migrate: false - up
[2024-08-28 21:51:34.172] [info]  Migrator AppIdMigrator (to version 33) should migrate: false - up
[2024-08-28 21:51:34.173] [info]  Migrator DomainSettingsMigrator (to version 34) should migrate: false - up
[2024-08-28 21:51:34.173] [info]  Migrator MoveThemeToStateProviderMigrator (to version 35) should migrate: false - up
[2024-08-28 21:51:34.174] [info]  Migrator VaultSettingsKeyMigrator (to version 36) should migrate: false - up
[2024-08-28 21:51:34.175] [info]  Migrator AvatarColorMigrator (to version 37) should migrate: false - up
[2024-08-28 21:51:34.175] [info]  Migrator TokenServiceStateProviderMigrator (to version 38) should migrate: false - up
[2024-08-28 21:51:34.176] [info]  Migrator MoveBillingAccountProfileMigrator (to version 39) should migrate: false - up
[2024-08-28 21:51:34.177] [info]  Migrator OrganizationMigrator (to version 40) should migrate: false - up
[2024-08-28 21:51:34.177] [info]  Migrator EventCollectionMigrator (to version 41) should migrate: false - up
[2024-08-28 21:51:34.178] [info]  Migrator EnableFaviconMigrator (to version 42) should migrate: false - up
[2024-08-28 21:51:34.179] [info]  Migrator AutoConfirmFingerPrintsMigrator (to version 43) should migrate: false - up
[2024-08-28 21:51:34.179] [info]  Migrator UserDecryptionOptionsMigrator (to version 44) should migrate: false - up
[2024-08-28 21:51:34.180] [info]  Migrator MergeEnvironmentState (to version 45) should migrate: false - up
[2024-08-28 21:51:34.180] [info]  Migrator DeleteBiometricPromptCancelledData (to version 46) should migrate: false - up
[2024-08-28 21:51:34.181] [info]  Migrator MoveDesktopSettingsMigrator (to version 47) should migrate: false - up
[2024-08-28 21:51:34.181] [info]  Migrator MoveDdgToStateProviderMigrator (to version 48) should migrate: false - up
[2024-08-28 21:51:34.182] [info]  Migrator AccountServerConfigMigrator (to version 49) should migrate: false - up
[2024-08-28 21:51:34.183] [info]  Migrator KeyConnectorMigrator (to version 50) should migrate: false - up
[2024-08-28 21:51:34.183] [info]  Migrator RememberedEmailMigrator (to version 51) should migrate: false - up
[2024-08-28 21:51:34.184] [info]  Migrator DeleteInstalledVersion (to version 52) should migrate: false - up
[2024-08-28 21:51:34.185] [info]  Migrator DeviceTrustServiceStateProviderMigrator (to version 53) should migrate: false - up
[2024-08-28 21:51:34.185] [info]  Migrator SendMigrator (to version 54) should migrate: false - up
[2024-08-28 21:51:34.186] [info]  Migrator MoveMasterKeyStateToProviderMigrator (to version 55) should migrate: false - up
[2024-08-28 21:51:34.187] [info]  Migrator AuthRequestMigrator (to version 56) should migrate: false - up
[2024-08-28 21:51:34.187] [info]  Migrator CipherServiceMigrator (to version 57) should migrate: false - up
[2024-08-28 21:51:34.188] [info]  Migrator RemoveRefreshTokenMigratedFlagMigrator (to version 58) should migrate: false - up
[2024-08-28 21:51:34.188] [info]  Migrator KdfConfigMigrator (to version 59) should migrate: false - up
[2024-08-28 21:51:34.189] [info]  Migrator KnownAccountsMigrator (to version 60) should migrate: false - up
[2024-08-28 21:51:34.189] [info]  Migrator PinStateMigrator (to version 61) should migrate: false - up
[2024-08-28 21:51:34.190] [info]  Migrator VaultTimeoutSettingsServiceStateProviderMigrator (to version 62) should migrate: false - up
[2024-08-28 21:51:34.191] [info]  Migrator PasswordOptionsMigrator (to version 63) should migrate: false - up
[2024-08-28 21:51:34.191] [info]  Migrator GeneratorHistoryMigrator (to version 64) should migrate: false - up
[2024-08-28 21:51:34.192] [info]  Migrator ForwarderOptionsMigrator (to version 65) should migrate: false - up
[2024-08-28 21:51:34.192] [info]  Migrator MoveFinalDesktopSettingsMigrator (to version 66) should migrate: false - up
[2024-08-28 21:51:34.193] [info]  Migrator RemoveUnassignedItemsBannerDismissed (to version 67) should migrate: false - up
[2024-08-28 21:51:34.193] [info]  Migrator MoveLastSyncDate (to version 68) should migrate: false - up
[2024-08-28 21:51:35.134] [info]  Disabling coredumps in main process
[2024-08-28 21:51:38.703] [info]  State version: 68
[2024-08-28 21:51:45.671] [error] TypeError: Object has been destroyed
    at WindowMain.<anonymous> (/usr/lib/bitwarden/app.asar/main.js:86121:36)
    at Generator.next (<anonymous>)
    at /usr/lib/bitwarden/app.asar/main.js:85852:71
    at new Promise (<anonymous>)
    at window_main_awaiter (/usr/lib/bitwarden/app.asar/main.js:85848:12)
    at WindowMain.updateWindowState (/usr/lib/bitwarden/app.asar/main.js:86116:16)
    at WindowMain.<anonymous> (/usr/lib/bitwarden/app.asar/main.js:86051:28)
    at Generator.next (<anonymous>)
    at /usr/lib/bitwarden/app.asar/main.js:85852:71
    at new Promise (<anonymous>)
